# JRE version: OpenJDK Runtime Environment Temurin-17.0.1+12 (17.0.1+12) (build 17.0.1+12)
# Java VM: OpenJDK 64-Bit Server VM Temurin-17.0.1+12 (17.0.1+12, mixed mode, emulated-client, tiered, compressed oops, compressed class ptrs, g1 gc, windows-amd64)
GC Precious Log:
 CPUs: 8 total, 8 available
 Memory: 24350M
 Large Page Support: Disabled
 NUMA Support: Disabled
 Compressed Oops: Enabled (Zero based)
 Heap Region Size: 4M
 Heap Min Capacity: 8M
 Heap Initial Capacity: 384M
 Heap Max Capacity: 6088M
 Pre-touch: Disabled
 Parallel Workers: 8
 Concurrent Workers: 2
 Concurrent Refinement Workers: 8
 Periodic GC: Disabled
Heap:
 garbage-first heap   total 98304K, used 36166K [0x0000000683800000, 0x0000000800000000)
  region size 4096K, 5 young (20480K), 2 survivors (8192K)
 Metaspace       used 71717K, committed 72128K, reserved 1114112K
  class space    used 9558K, committed 9728K, reserved 1048576K
GC Heap History (20 events):
Event: 2.233 GC heap before
{Heap before GC invocations=8 (full 0):
 garbage-first heap   total 225280K, used 137608K [0x0000000683800000, 0x0000000800000000)
  region size 4096K, 33 young (135168K), 1 survivors (4096K)
 Metaspace       used 32991K, committed 33280K, reserved 1081344K
  class space    used 4025K, committed 4160K, reserved 1048576K
}
Event: 2.236 GC heap after
{Heap after GC invocations=9 (full 0):
 garbage-first heap   total 225280K, used 12915K [0x0000000683800000, 0x0000000800000000)
  region size 4096K, 2 young (8192K), 2 survivors (8192K)
 Metaspace       used 32991K, committed 33280K, reserved 1081344K
  class space    used 4025K, committed 4160K, reserved 1048576K
}
Event: 2.632 GC heap before
{Heap before GC invocations=9 (full 0):
 garbage-first heap   total 225280K, used 49779K [0x0000000683800000, 0x0000000800000000)
  region size 4096K, 12 young (49152K), 2 survivors (8192K)
 Metaspace       used 35797K, committed 36160K, reserved 1081344K
  class space    used 4463K, committed 4672K, reserved 1048576K
}
Event: 2.635 GC heap after
{Heap after GC invocations=10 (full 0):
 garbage-first heap   total 225280K, used 14257K [0x0000000683800000, 0x0000000800000000)
  region size 4096K, 2 young (8192K), 2 survivors (8192K)
 Metaspace       used 35797K, committed 36160K, reserved 1081344K
  class space    used 4463K, committed 4672K, reserved 1048576K
}
Event: 2.985 GC heap before
{Heap before GC invocations=11 (full 0):
 garbage-first heap   total 81920K, used 55217K [0x0000000683800000, 0x0000000800000000)
  region size 4096K, 12 young (49152K), 2 survivors (8192K)
 Metaspace       used 38923K, committed 39296K, reserved 1089536K
  class space    used 4926K, committed 5056K, reserved 1048576K
}
Event: 2.990 GC heap after
{Heap after GC invocations=12 (full 0):
 garbage-first heap   total 81920K, used 16533K [0x0000000683800000, 0x0000000800000000)
  region size 4096K, 2 young (8192K), 2 survivors (8192K)
 Metaspace       used 38923K, committed 39296K, reserved 1089536K
  class space    used 4926K, committed 5056K, reserved 1048576K
}
Event: 2.990 GC heap before
{Heap before GC invocations=12 (full 0):
 garbage-first heap   total 81920K, used 16533K [0x0000000683800000, 0x0000000800000000)
  region size 4096K, 3 young (12288K), 2 survivors (8192K)
 Metaspace       used 38923K, committed 39296K, reserved 1089536K
  class space    used 4926K, committed 5056K, reserved 1048576K
}
Event: 2.993 GC heap after
{Heap after GC invocations=13 (full 0):
 garbage-first heap   total 81920K, used 16249K [0x0000000683800000, 0x0000000800000000)
  region size 4096K, 1 young (4096K), 1 survivors (4096K)
 Metaspace       used 38923K, committed 39296K, reserved 1089536K
  class space    used 4926K, committed 5056K, reserved 1048576K
}
Event: 3.053 GC heap before
{Heap before GC invocations=13 (full 0):
 garbage-first heap   total 81920K, used 57209K [0x0000000683800000, 0x0000000800000000)
  region size 4096K, 12 young (49152K), 1 survivors (4096K)
 Metaspace       used 39360K, committed 39680K, reserved 1089536K
  class space    used 4966K, committed 5120K, reserved 1048576K
}
Event: 3.054 GC heap after
{Heap after GC invocations=14 (full 0):
 garbage-first heap   total 237568K, used 16781K [0x0000000683800000, 0x0000000800000000)
  region size 4096K, 1 young (4096K), 1 survivors (4096K)
 Metaspace       used 39360K, committed 39680K, reserved 1089536K
  class space    used 4966K, committed 5120K, reserved 1048576K
}
Event: 3.850 GC heap before
{Heap before GC invocations=14 (full 0):
 garbage-first heap   total 237568K, used 147853K [0x0000000683800000, 0x0000000800000000)
  region size 4096K, 34 young (139264K), 1 survivors (4096K)
 Metaspace       used 49124K, committed 49472K, reserved 1097728K
  class space    used 6338K, committed 6528K, reserved 1048576K
}
Event: 3.852 GC heap after
{Heap after GC invocations=15 (full 0):
 garbage-first heap   total 237568K, used 19222K [0x0000000683800000, 0x0000000800000000)
  region size 4096K, 1 young (4096K), 1 survivors (4096K)
 Metaspace       used 49124K, committed 49472K, reserved 1097728K
  class space    used 6338K, committed 6528K, reserved 1048576K
}
Event: 4.793 GC heap before
{Heap before GC invocations=15 (full 0):
 garbage-first heap   total 237568K, used 142102K [0x0000000683800000, 0x0000000800000000)
  region size 4096K, 32 young (131072K), 1 survivors (4096K)
 Metaspace       used 60052K, committed 60416K, reserved 1105920K
  class space    used 7936K, committed 8128K, reserved 1048576K
}
Event: 4.797 GC heap after
{Heap after GC invocations=16 (full 0):
 garbage-first heap   total 237568K, used 22588K [0x0000000683800000, 0x0000000800000000)
  region size 4096K, 2 young (8192K), 2 survivors (8192K)
 Metaspace       used 60052K, committed 60416K, reserved 1105920K
  class space    used 7936K, committed 8128K, reserved 1048576K
}
Event: 5.141 GC heap before
{Heap before GC invocations=17 (full 0):
 garbage-first heap   total 98304K, used 71740K [0x0000000683800000, 0x0000000800000000)
  region size 4096K, 14 young (57344K), 2 survivors (8192K)
 Metaspace       used 63432K, committed 63872K, reserved 1105920K
  class space    used 8433K, committed 8640K, reserved 1048576K
}
Event: 5.145 GC heap after
{Heap after GC invocations=18 (full 0):
 garbage-first heap   total 98304K, used 24599K [0x0000000683800000, 0x0000000800000000)
  region size 4096K, 2 young (8192K), 2 survivors (8192K)
 Metaspace       used 63432K, committed 63872K, reserved 1105920K
  class space    used 8433K, committed 8640K, reserved 1048576K
}
Event: 5.539 GC heap before
{Heap before GC invocations=19 (full 0):
 garbage-first heap   total 98304K, used 73751K [0x0000000683800000, 0x0000000800000000)
  region size 4096K, 14 young (57344K), 2 survivors (8192K)
 Metaspace       used 66978K, committed 67392K, reserved 1114112K
  class space    used 8930K, committed 9152K, reserved 1048576K
}
Event: 5.543 GC heap after
{Heap after GC invocations=20 (full 0):
 garbage-first heap   total 98304K, used 26419K [0x0000000683800000, 0x0000000800000000)
  region size 4096K, 1 young (4096K), 1 survivors (4096K)
 Metaspace       used 66978K, committed 67392K, reserved 1114112K
  class space    used 8930K, committed 9152K, reserved 1048576K
}
Event: 13.973 GC heap before
{Heap before GC invocations=20 (full 0):
 garbage-first heap   total 98304K, used 71475K [0x0000000683800000, 0x0000000800000000)
  region size 4096K, 13 young (53248K), 1 survivors (4096K)
 Metaspace       used 71340K, committed 71808K, reserved 1114112K
  class space    used 9510K, committed 9728K, reserved 1048576K
}
Event: 13.976 GC heap after
{Heap after GC invocations=21 (full 0):
 garbage-first heap   total 98304K, used 27974K [0x0000000683800000, 0x0000000800000000)
  region size 4096K, 2 young (8192K), 2 survivors (8192K)
 Metaspace       used 71340K, committed 71808K, reserved 1114112K
  class space    used 9510K, committed 9728K, reserved 1048576K
}

